<?xml version="1.0" encoding="UTF-8"?>
<testsuite name="TradeTest" tests="1" skipped="0" failures="1" errors="0" timestamp="2021-02-13T22:24:48" hostname="DESKTOP-ER24V91" time="0.003">
  <properties/>
  <testcase name="setPrice" classname="TradeTest" time="0.003">
    <failure message="java.lang.StackOverflowError" type="java.lang.StackOverflowError">java.lang.StackOverflowError
	at Trade.&lt;init&gt;(Trade.java:35)
	at Trade.&lt;init&gt;(Trade.java:35)
	at Trade.&lt;init&gt;(Trade.java:35)
	at Trade.&lt;init&gt;(Trade.java:35)
	at Trade.&lt;init&gt;(Trade.java:35)
	at Trade.&lt;init&gt;(Trade.java:35)
	at Trade.&lt;init&gt;(Trade.java:35)
	at Trade.&lt;init&gt;(Trade.java:35)
	at Trade.&lt;init&gt;(Trade.java:35)
	at Trade.&lt;init&gt;(Trade.java:35)
	at Trade.&lt;init&gt;(Trade.java:35)
	at Trade.&lt;init&gt;(Trade.java:35)
	at Trade.&lt;init&gt;(Trade.java:35)
	at Trade.&lt;init&gt;(Trade.java:35)
	at Trade.&lt;init&gt;(Trade.java:35)
	at Trade.&lt;init&gt;(Trade.java:35)
	at Trade.&lt;init&gt;(Trade.java:35)
	at Trade.&lt;init&gt;(Trade.java:35)
	at Trade.&lt;init&gt;(Trade.java:35)
	at Trade.&lt;init&gt;(Trade.java:35)
	at Trade.&lt;init&gt;(Trade.java:35)
	at Trade.&lt;init&gt;(Trade.java:35)
	at Trade.&lt;init&gt;(Trade.java:35)
	at Trade.&lt;init&gt;(Trade.java:35)
	at Trade.&lt;init&gt;(Trade.java:35)
	at Trade.&lt;init&gt;(Trade.java:35)
	at Trade.&lt;init&gt;(Trade.java:35)
	at Trade.&lt;init&gt;(Trade.java:35)
	at Trade.&lt;init&gt;(Trade.java:35)
	at Trade.&lt;init&gt;(Trade.java:35)
	at Trade.&lt;init&gt;(Trade.java:35)
	at Trade.&lt;init&gt;(Trade.java:35)
	at Trade.&lt;init&gt;(Trade.java:35)
	at Trade.&lt;init&gt;(Trade.java:35)
	at Trade.&lt;init&gt;(Trade.java:35)
	at Trade.&lt;init&gt;(Trade.java:35)
	at Trade.&lt;init&gt;(Trade.java:35)
	at Trade.&lt;init&gt;(Trade.java:35)
	at Trade.&lt;init&gt;(Trade.java:35)
	at Trade.&lt;init&gt;(Trade.java:35)
	at Trade.&lt;init&gt;(Trade.java:35)
	at Trade.&lt;init&gt;(Trade.java:35)
	at Trade.&lt;init&gt;(Trade.java:35)
	at Trade.&lt;init&gt;(Trade.java:35)
	at Trade.&lt;init&gt;(Trade.java:35)
	at Trade.&lt;init&gt;(Trade.java:35)
	at Trade.&lt;init&gt;(Trade.java:35)
	at Trade.&lt;init&gt;(Trade.java:35)
	at Trade.&lt;init&gt;(Trade.java:35)
	at Trade.&lt;init&gt;(Trade.java:35)
	at Trade.&lt;init&gt;(Trade.java:35)
	at Trade.&lt;init&gt;(Trade.java:35)
	at Trade.&lt;init&gt;(Trade.java:35)
	at Trade.&lt;init&gt;(Trade.java:35)
	at Trade.&lt;init&gt;(Trade.java:35)
	at Trade.&lt;init&gt;(Trade.java:35)
	at Trade.&lt;init&gt;(Trade.java:35)
	at Trade.&lt;init&gt;(Trade.java:35)
	at Trade.&lt;init&gt;(Trade.java:35)
	at Trade.&lt;init&gt;(Trade.java:35)
	at Trade.&lt;init&gt;(Trade.java:35)
	at Trade.&lt;init&gt;(Trade.java:35)
	at Trade.&lt;init&gt;(Trade.java:35)
	at Trade.&lt;init&gt;(Trade.java:35)
	at Trade.&lt;init&gt;(Trade.java:35)
	at Trade.&lt;init&gt;(Trade.java:35)
	at Trade.&lt;init&gt;(Trade.java:35)
	at Trade.&lt;init&gt;(Trade.java:35)
	at Trade.&lt;init&gt;(Trade.java:35)
	at Trade.&lt;init&gt;(Trade.java:35)
	at Trade.&lt;init&gt;(Trade.java:35)
	at Trade.&lt;init&gt;(Trade.java:35)
	at Trade.&lt;init&gt;(Trade.java:35)
	at Trade.&lt;init&gt;(Trade.java:35)
	at Trade.&lt;init&gt;(Trade.java:35)
	at Trade.&lt;init&gt;(Trade.java:35)
	at Trade.&lt;init&gt;(Trade.java:35)
	at Trade.&lt;init&gt;(Trade.java:35)
	at Trade.&lt;init&gt;(Trade.java:35)
	at Trade.&lt;init&gt;(Trade.java:35)
	at Trade.&lt;init&gt;(Trade.java:35)
	at Trade.&lt;init&gt;(Trade.java:35)
	at Trade.&lt;init&gt;(Trade.java:35)
	at Trade.&lt;init&gt;(Trade.java:35)
	at Trade.&lt;init&gt;(Trade.java:35)
	at Trade.&lt;init&gt;(Trade.java:35)
	at Trade.&lt;init&gt;(Trade.java:35)
	at Trade.&lt;init&gt;(Trade.java:35)
	at Trade.&lt;init&gt;(Trade.java:35)
	at Trade.&lt;init&gt;(Trade.java:35)
	at Trade.&lt;init&gt;(Trade.java:35)
	at Trade.&lt;init&gt;(Trade.java:35)
	at Trade.&lt;init&gt;(Trade.java:35)
	at Trade.&lt;init&gt;(Trade.java:35)
	at Trade.&lt;init&gt;(Trade.java:35)
	at Trade.&lt;init&gt;(Trade.java:35)
	at Trade.&lt;init&gt;(Trade.java:35)
	at Trade.&lt;init&gt;(Trade.java:35)
	at Trade.&lt;init&gt;(Trade.java:35)
	at Trade.&lt;init&gt;(Trade.java:35)
	at Trade.&lt;init&gt;(Trade.java:35)
	at Trade.&lt;init&gt;(Trade.java:35)
	at Trade.&lt;init&gt;(Trade.java:35)
	at Trade.&lt;init&gt;(Trade.java:35)
	at Trade.&lt;init&gt;(Trade.java:35)
	at Trade.&lt;init&gt;(Trade.java:35)
	at Trade.&lt;init&gt;(Trade.java:35)
	at Trade.&lt;init&gt;(Trade.java:35)
	at Trade.&lt;init&gt;(Trade.java:35)
	at Trade.&lt;init&gt;(Trade.java:35)
	at Trade.&lt;init&gt;(Trade.java:35)
	at Trade.&lt;init&gt;(Trade.java:35)
	at Trade.&lt;init&gt;(Trade.java:35)
	at Trade.&lt;init&gt;(Trade.java:35)
	at Trade.&lt;init&gt;(Trade.java:35)
	at Trade.&lt;init&gt;(Trade.java:35)
	at Trade.&lt;init&gt;(Trade.java:35)
	at Trade.&lt;init&gt;(Trade.java:35)
	at Trade.&lt;init&gt;(Trade.java:35)
	at Trade.&lt;init&gt;(Trade.java:35)
	at Trade.&lt;init&gt;(Trade.java:35)
	at Trade.&lt;init&gt;(Trade.java:35)
	at Trade.&lt;init&gt;(Trade.java:35)
	at Trade.&lt;init&gt;(Trade.java:35)
	at Trade.&lt;init&gt;(Trade.java:35)
	at Trade.&lt;init&gt;(Trade.java:35)
	at Trade.&lt;init&gt;(Trade.java:35)
	at Trade.&lt;init&gt;(Trade.java:35)
	at Trade.&lt;init&gt;(Trade.java:35)
	at Trade.&lt;init&gt;(Trade.java:35)
	at Trade.&lt;init&gt;(Trade.java:35)
	at Trade.&lt;init&gt;(Trade.java:35)
	at Trade.&lt;init&gt;(Trade.java:35)
	at Trade.&lt;init&gt;(Trade.java:35)
	at Trade.&lt;init&gt;(Trade.java:35)
	at Trade.&lt;init&gt;(Trade.java:35)
	at Trade.&lt;init&gt;(Trade.java:35)
	at Trade.&lt;init&gt;(Trade.java:35)
	at Trade.&lt;init&gt;(Trade.java:35)
	at Trade.&lt;init&gt;(Trade.java:35)
	at Trade.&lt;init&gt;(Trade.java:35)
	at Trade.&lt;init&gt;(Trade.java:35)
	at Trade.&lt;init&gt;(Trade.java:35)
	at Trade.&lt;init&gt;(Trade.java:35)
	at Trade.&lt;init&gt;(Trade.java:35)
	at Trade.&lt;init&gt;(Trade.java:35)
	at Trade.&lt;init&gt;(Trade.java:35)
	at Trade.&lt;init&gt;(Trade.java:35)
	at Trade.&lt;init&gt;(Trade.java:35)
	at Trade.&lt;init&gt;(Trade.java:35)
	at Trade.&lt;init&gt;(Trade.java:35)
	at Trade.&lt;init&gt;(Trade.java:35)
	at Trade.&lt;init&gt;(Trade.java:35)
	at Trade.&lt;init&gt;(Trade.java:35)
	at Trade.&lt;init&gt;(Trade.java:35)
	at Trade.&lt;init&gt;(Trade.java:35)
	at Trade.&lt;init&gt;(Trade.java:35)
	at Trade.&lt;init&gt;(Trade.java:35)
	at Trade.&lt;init&gt;(Trade.java:35)
	at Trade.&lt;init&gt;(Trade.java:35)
	at Trade.&lt;init&gt;(Trade.java:35)
	at Trade.&lt;init&gt;(Trade.java:35)
	at Trade.&lt;init&gt;(Trade.java:35)
	at Trade.&lt;init&gt;(Trade.java:35)
	at Trade.&lt;init&gt;(Trade.java:35)
	at Trade.&lt;init&gt;(Trade.java:35)
	at Trade.&lt;init&gt;(Trade.java:35)
	at Trade.&lt;init&gt;(Trade.java:35)
	at Trade.&lt;init&gt;(Trade.java:35)
	at Trade.&lt;init&gt;(Trade.java:35)
	at Trade.&lt;init&gt;(Trade.java:35)
	at Trade.&lt;init&gt;(Trade.java:35)
	at Trade.&lt;init&gt;(Trade.java:35)
	at Trade.&lt;init&gt;(Trade.java:35)
	at Trade.&lt;init&gt;(Trade.java:35)
	at Trade.&lt;init&gt;(Trade.java:35)
	at Trade.&lt;init&gt;(Trade.java:35)
	at Trade.&lt;init&gt;(Trade.java:35)
	at Trade.&lt;init&gt;(Trade.java:35)
	at Trade.&lt;init&gt;(Trade.java:35)
	at Trade.&lt;init&gt;(Trade.java:35)
	at Trade.&lt;init&gt;(Trade.java:35)
	at Trade.&lt;init&gt;(Trade.java:35)
	at Trade.&lt;init&gt;(Trade.java:35)
	at Trade.&lt;init&gt;(Trade.java:35)
	at Trade.&lt;init&gt;(Trade.java:35)
	at Trade.&lt;init&gt;(Trade.java:35)
	at Trade.&lt;init&gt;(Trade.java:35)
	at Trade.&lt;init&gt;(Trade.java:35)
	at Trade.&lt;init&gt;(Trade.java:35)
	at Trade.&lt;init&gt;(Trade.java:35)
	at Trade.&lt;init&gt;(Trade.java:35)
	at Trade.&lt;init&gt;(Trade.java:35)
	at Trade.&lt;init&gt;(Trade.java:35)
	at Trade.&lt;init&gt;(Trade.java:35)
	at Trade.&lt;init&gt;(Trade.java:35)
	at Trade.&lt;init&gt;(Trade.java:35)
	at Trade.&lt;init&gt;(Trade.java:35)
	at Trade.&lt;init&gt;(Trade.java:35)
	at Trade.&lt;init&gt;(Trade.java:35)
	at Trade.&lt;init&gt;(Trade.java:35)
	at Trade.&lt;init&gt;(Trade.java:35)
	at Trade.&lt;init&gt;(Trade.java:35)
	at Trade.&lt;init&gt;(Trade.java:35)
	at Trade.&lt;init&gt;(Trade.java:35)
	at Trade.&lt;init&gt;(Trade.java:35)
	at Trade.&lt;init&gt;(Trade.java:35)
	at Trade.&lt;init&gt;(Trade.java:35)
	at Trade.&lt;init&gt;(Trade.java:35)
	at Trade.&lt;init&gt;(Trade.java:35)
	at Trade.&lt;init&gt;(Trade.java:35)
	at Trade.&lt;init&gt;(Trade.java:35)
	at Trade.&lt;init&gt;(Trade.java:35)
	at Trade.&lt;init&gt;(Trade.java:35)
	at Trade.&lt;init&gt;(Trade.java:35)
	at Trade.&lt;init&gt;(Trade.java:35)
	at Trade.&lt;init&gt;(Trade.java:35)
	at Trade.&lt;init&gt;(Trade.java:35)
	at Trade.&lt;init&gt;(Trade.java:35)
	at Trade.&lt;init&gt;(Trade.java:35)
	at Trade.&lt;init&gt;(Trade.java:35)
	at Trade.&lt;init&gt;(Trade.java:35)
	at Trade.&lt;init&gt;(Trade.java:35)
	at Trade.&lt;init&gt;(Trade.java:35)
	at Trade.&lt;init&gt;(Trade.java:35)
	at Trade.&lt;init&gt;(Trade.java:35)
	at Trade.&lt;init&gt;(Trade.java:35)
	at Trade.&lt;init&gt;(Trade.java:35)
	at Trade.&lt;init&gt;(Trade.java:35)
	at Trade.&lt;init&gt;(Trade.java:35)
	at Trade.&lt;init&gt;(Trade.java:35)
	at Trade.&lt;init&gt;(Trade.java:35)
	at Trade.&lt;init&gt;(Trade.java:35)
	at Trade.&lt;init&gt;(Trade.java:35)
	at Trade.&lt;init&gt;(Trade.java:35)
	at Trade.&lt;init&gt;(Trade.java:35)
	at Trade.&lt;init&gt;(Trade.java:35)
	at Trade.&lt;init&gt;(Trade.java:35)
	at Trade.&lt;init&gt;(Trade.java:35)
	at Trade.&lt;init&gt;(Trade.java:35)
	at Trade.&lt;init&gt;(Trade.java:35)
	at Trade.&lt;init&gt;(Trade.java:35)
	at Trade.&lt;init&gt;(Trade.java:35)
	at Trade.&lt;init&gt;(Trade.java:35)
	at Trade.&lt;init&gt;(Trade.java:35)
	at Trade.&lt;init&gt;(Trade.java:35)
	at Trade.&lt;init&gt;(Trade.java:35)
	at Trade.&lt;init&gt;(Trade.java:35)
	at Trade.&lt;init&gt;(Trade.java:35)
	at Trade.&lt;init&gt;(Trade.java:35)
	at Trade.&lt;init&gt;(Trade.java:35)
	at Trade.&lt;init&gt;(Trade.java:35)
	at Trade.&lt;init&gt;(Trade.java:35)
	at Trade.&lt;init&gt;(Trade.java:35)
	at Trade.&lt;init&gt;(Trade.java:35)
	at Trade.&lt;init&gt;(Trade.java:35)
	at Trade.&lt;init&gt;(Trade.java:35)
	at Trade.&lt;init&gt;(Trade.java:35)
	at Trade.&lt;init&gt;(Trade.java:35)
	at Trade.&lt;init&gt;(Trade.java:35)
	at Trade.&lt;init&gt;(Trade.java:35)
	at Trade.&lt;init&gt;(Trade.java:35)
	at Trade.&lt;init&gt;(Trade.java:35)
	at Trade.&lt;init&gt;(Trade.java:35)
	at Trade.&lt;init&gt;(Trade.java:35)
	at Trade.&lt;init&gt;(Trade.java:35)
	at Trade.&lt;init&gt;(Trade.java:35)
	at Trade.&lt;init&gt;(Trade.java:35)
	at Trade.&lt;init&gt;(Trade.java:35)
	at Trade.&lt;init&gt;(Trade.java:35)
	at Trade.&lt;init&gt;(Trade.java:35)
	at Trade.&lt;init&gt;(Trade.java:35)
	at Trade.&lt;init&gt;(Trade.java:35)
	at Trade.&lt;init&gt;(Trade.java:35)
	at Trade.&lt;init&gt;(Trade.java:35)
	at Trade.&lt;init&gt;(Trade.java:35)
	at Trade.&lt;init&gt;(Trade.java:35)
	at Trade.&lt;init&gt;(Trade.java:35)
	at Trade.&lt;init&gt;(Trade.java:35)
	at Trade.&lt;init&gt;(Trade.java:35)
	at Trade.&lt;init&gt;(Trade.java:35)
	at Trade.&lt;init&gt;(Trade.java:35)
	at Trade.&lt;init&gt;(Trade.java:35)
	at Trade.&lt;init&gt;(Trade.java:35)
	at Trade.&lt;init&gt;(Trade.java:35)
	at Trade.&lt;init&gt;(Trade.java:35)
	at Trade.&lt;init&gt;(Trade.java:35)
	at Trade.&lt;init&gt;(Trade.java:35)
	at Trade.&lt;init&gt;(Trade.java:35)
	at Trade.&lt;init&gt;(Trade.java:35)
	at Trade.&lt;init&gt;(Trade.java:35)
	at Trade.&lt;init&gt;(Trade.java:35)
	at Trade.&lt;init&gt;(Trade.java:35)
	at Trade.&lt;init&gt;(Trade.java:35)
	at Trade.&lt;init&gt;(Trade.java:35)
	at Trade.&lt;init&gt;(Trade.java:35)
	at Trade.&lt;init&gt;(Trade.java:35)
	at Trade.&lt;init&gt;(Trade.java:35)
	at Trade.&lt;init&gt;(Trade.java:35)
	at Trade.&lt;init&gt;(Trade.java:35)
	at Trade.&lt;init&gt;(Trade.java:35)
	at Trade.&lt;init&gt;(Trade.java:35)
	at Trade.&lt;init&gt;(Trade.java:35)
	at Trade.&lt;init&gt;(Trade.java:35)
	at Trade.&lt;init&gt;(Trade.java:35)
	at Trade.&lt;init&gt;(Trade.java:35)
	at Trade.&lt;init&gt;(Trade.java:35)
	at Trade.&lt;init&gt;(Trade.java:35)
	at Trade.&lt;init&gt;(Trade.java:35)
	at Trade.&lt;init&gt;(Trade.java:35)
	at Trade.&lt;init&gt;(Trade.java:35)
	at Trade.&lt;init&gt;(Trade.java:35)
	at Trade.&lt;init&gt;(Trade.java:35)
	at Trade.&lt;init&gt;(Trade.java:35)
	at Trade.&lt;init&gt;(Trade.java:35)
	at Trade.&lt;init&gt;(Trade.java:35)
	at Trade.&lt;init&gt;(Trade.java:35)
	at Trade.&lt;init&gt;(Trade.java:35)
	at Trade.&lt;init&gt;(Trade.java:35)
	at Trade.&lt;init&gt;(Trade.java:35)
	at Trade.&lt;init&gt;(Trade.java:35)
	at Trade.&lt;init&gt;(Trade.java:35)
	at Trade.&lt;init&gt;(Trade.java:35)
	at Trade.&lt;init&gt;(Trade.java:35)
	at Trade.&lt;init&gt;(Trade.java:35)
	at Trade.&lt;init&gt;(Trade.java:35)
	at Trade.&lt;init&gt;(Trade.java:35)
	at Trade.&lt;init&gt;(Trade.java:35)
	at Trade.&lt;init&gt;(Trade.java:35)
	at Trade.&lt;init&gt;(Trade.java:35)
	at Trade.&lt;init&gt;(Trade.java:35)
	at Trade.&lt;init&gt;(Trade.java:35)
	at Trade.&lt;init&gt;(Trade.java:35)
	at Trade.&lt;init&gt;(Trade.java:35)
	at Trade.&lt;init&gt;(Trade.java:35)
	at Trade.&lt;init&gt;(Trade.java:35)
	at Trade.&lt;init&gt;(Trade.java:35)
	at Trade.&lt;init&gt;(Trade.java:35)
	at Trade.&lt;init&gt;(Trade.java:35)
	at Trade.&lt;init&gt;(Trade.java:35)
	at Trade.&lt;init&gt;(Trade.java:35)
	at Trade.&lt;init&gt;(Trade.java:35)
	at Trade.&lt;init&gt;(Trade.java:35)
	at Trade.&lt;init&gt;(Trade.java:35)
	at Trade.&lt;init&gt;(Trade.java:35)
	at Trade.&lt;init&gt;(Trade.java:35)
	at Trade.&lt;init&gt;(Trade.java:35)
	at Trade.&lt;init&gt;(Trade.java:35)
	at Trade.&lt;init&gt;(Trade.java:35)
	at Trade.&lt;init&gt;(Trade.java:35)
	at Trade.&lt;init&gt;(Trade.java:35)
	at Trade.&lt;init&gt;(Trade.java:35)
	at Trade.&lt;init&gt;(Trade.java:35)
	at Trade.&lt;init&gt;(Trade.java:35)
	at Trade.&lt;init&gt;(Trade.java:35)
	at Trade.&lt;init&gt;(Trade.java:35)
	at Trade.&lt;init&gt;(Trade.java:35)
	at Trade.&lt;init&gt;(Trade.java:35)
	at Trade.&lt;init&gt;(Trade.java:35)
	at Trade.&lt;init&gt;(Trade.java:35)
	at Trade.&lt;init&gt;(Trade.java:35)
	at Trade.&lt;init&gt;(Trade.java:35)
	at Trade.&lt;init&gt;(Trade.java:35)
	at Trade.&lt;init&gt;(Trade.java:35)
	at Trade.&lt;init&gt;(Trade.java:35)
	at Trade.&lt;init&gt;(Trade.java:35)
	at Trade.&lt;init&gt;(Trade.java:35)
	at Trade.&lt;init&gt;(Trade.java:35)
	at Trade.&lt;init&gt;(Trade.java:35)
	at Trade.&lt;init&gt;(Trade.java:35)
	at Trade.&lt;init&gt;(Trade.java:35)
	at Trade.&lt;init&gt;(Trade.java:35)
	at Trade.&lt;init&gt;(Trade.java:35)
	at Trade.&lt;init&gt;(Trade.java:35)
	at Trade.&lt;init&gt;(Trade.java:35)
	at Trade.&lt;init&gt;(Trade.java:35)
	at Trade.&lt;init&gt;(Trade.java:35)
	at Trade.&lt;init&gt;(Trade.java:35)
	at Trade.&lt;init&gt;(Trade.java:35)
	at Trade.&lt;init&gt;(Trade.java:35)
	at Trade.&lt;init&gt;(Trade.java:35)
	at Trade.&lt;init&gt;(Trade.java:35)
	at Trade.&lt;init&gt;(Trade.java:35)
	at Trade.&lt;init&gt;(Trade.java:35)
	at Trade.&lt;init&gt;(Trade.java:35)
	at Trade.&lt;init&gt;(Trade.java:35)
	at Trade.&lt;init&gt;(Trade.java:35)
	at Trade.&lt;init&gt;(Trade.java:35)
	at Trade.&lt;init&gt;(Trade.java:35)
	at Trade.&lt;init&gt;(Trade.java:35)
	at Trade.&lt;init&gt;(Trade.java:35)
	at Trade.&lt;init&gt;(Trade.java:35)
	at Trade.&lt;init&gt;(Trade.java:35)
	at Trade.&lt;init&gt;(Trade.java:35)
	at Trade.&lt;init&gt;(Trade.java:35)
	at Trade.&lt;init&gt;(Trade.java:35)
	at Trade.&lt;init&gt;(Trade.java:35)
	at Trade.&lt;init&gt;(Trade.java:35)
	at Trade.&lt;init&gt;(Trade.java:35)
	at Trade.&lt;init&gt;(Trade.java:35)
	at Trade.&lt;init&gt;(Trade.java:35)
	at Trade.&lt;init&gt;(Trade.java:35)
	at Trade.&lt;init&gt;(Trade.java:35)
	at Trade.&lt;init&gt;(Trade.java:35)
	at Trade.&lt;init&gt;(Trade.java:35)
	at Trade.&lt;init&gt;(Trade.java:35)
	at Trade.&lt;init&gt;(Trade.java:35)
	at Trade.&lt;init&gt;(Trade.java:35)
	at Trade.&lt;init&gt;(Trade.java:35)
	at Trade.&lt;init&gt;(Trade.java:35)
	at Trade.&lt;init&gt;(Trade.java:35)
	at Trade.&lt;init&gt;(Trade.java:35)
	at Trade.&lt;init&gt;(Trade.java:35)
	at Trade.&lt;init&gt;(Trade.java:35)
	at Trade.&lt;init&gt;(Trade.java:35)
	at Trade.&lt;init&gt;(Trade.java:35)
	at Trade.&lt;init&gt;(Trade.java:35)
	at Trade.&lt;init&gt;(Trade.java:35)
	at Trade.&lt;init&gt;(Trade.java:35)
	at Trade.&lt;init&gt;(Trade.java:35)
	at Trade.&lt;init&gt;(Trade.java:35)
	at Trade.&lt;init&gt;(Trade.java:35)
	at Trade.&lt;init&gt;(Trade.java:35)
	at Trade.&lt;init&gt;(Trade.java:35)
	at Trade.&lt;init&gt;(Trade.java:35)
	at Trade.&lt;init&gt;(Trade.java:35)
	at Trade.&lt;init&gt;(Trade.java:35)
	at Trade.&lt;init&gt;(Trade.java:35)
	at Trade.&lt;init&gt;(Trade.java:35)
	at Trade.&lt;init&gt;(Trade.java:35)
	at Trade.&lt;init&gt;(Trade.java:35)
	at Trade.&lt;init&gt;(Trade.java:35)
	at Trade.&lt;init&gt;(Trade.java:35)
	at Trade.&lt;init&gt;(Trade.java:35)
	at Trade.&lt;init&gt;(Trade.java:35)
	at Trade.&lt;init&gt;(Trade.java:35)
	at Trade.&lt;init&gt;(Trade.java:35)
	at Trade.&lt;init&gt;(Trade.java:35)
	at Trade.&lt;init&gt;(Trade.java:35)
	at Trade.&lt;init&gt;(Trade.java:35)
	at Trade.&lt;init&gt;(Trade.java:35)
	at Trade.&lt;init&gt;(Trade.java:35)
	at Trade.&lt;init&gt;(Trade.java:35)
	at Trade.&lt;init&gt;(Trade.java:35)
	at Trade.&lt;init&gt;(Trade.java:35)
	at Trade.&lt;init&gt;(Trade.java:35)
	at Trade.&lt;init&gt;(Trade.java:35)
	at Trade.&lt;init&gt;(Trade.java:35)
	at Trade.&lt;init&gt;(Trade.java:35)
	at Trade.&lt;init&gt;(Trade.java:35)
	at Trade.&lt;init&gt;(Trade.java:35)
	at Trade.&lt;init&gt;(Trade.java:35)
	at Trade.&lt;init&gt;(Trade.java:35)
	at Trade.&lt;init&gt;(Trade.java:35)
	at Trade.&lt;init&gt;(Trade.java:35)
	at Trade.&lt;init&gt;(Trade.java:35)
	at Trade.&lt;init&gt;(Trade.java:35)
	at Trade.&lt;init&gt;(Trade.java:35)
	at Trade.&lt;init&gt;(Trade.java:35)
	at Trade.&lt;init&gt;(Trade.java:35)
	at Trade.&lt;init&gt;(Trade.java:35)
	at Trade.&lt;init&gt;(Trade.java:35)
	at Trade.&lt;init&gt;(Trade.java:35)
	at Trade.&lt;init&gt;(Trade.java:35)
	at Trade.&lt;init&gt;(Trade.java:35)
	at Trade.&lt;init&gt;(Trade.java:35)
	at Trade.&lt;init&gt;(Trade.java:35)
	at Trade.&lt;init&gt;(Trade.java:35)
	at Trade.&lt;init&gt;(Trade.java:35)
	at Trade.&lt;init&gt;(Trade.java:35)
	at Trade.&lt;init&gt;(Trade.java:35)
	at Trade.&lt;init&gt;(Trade.java:35)
	at Trade.&lt;init&gt;(Trade.java:35)
	at Trade.&lt;init&gt;(Trade.java:35)
	at Trade.&lt;init&gt;(Trade.java:35)
	at Trade.&lt;init&gt;(Trade.java:35)
	at Trade.&lt;init&gt;(Trade.java:35)
	at Trade.&lt;init&gt;(Trade.java:35)
	at Trade.&lt;init&gt;(Trade.java:35)
	at Trade.&lt;init&gt;(Trade.java:35)
	at Trade.&lt;init&gt;(Trade.java:35)
	at Trade.&lt;init&gt;(Trade.java:35)
	at Trade.&lt;init&gt;(Trade.java:35)
	at Trade.&lt;init&gt;(Trade.java:35)
	at Trade.&lt;init&gt;(Trade.java:35)
	at Trade.&lt;init&gt;(Trade.java:35)
	at Trade.&lt;init&gt;(Trade.java:35)
	at Trade.&lt;init&gt;(Trade.java:35)
	at Trade.&lt;init&gt;(Trade.java:35)
	at Trade.&lt;init&gt;(Trade.java:35)
	at Trade.&lt;init&gt;(Trade.java:35)
	at Trade.&lt;init&gt;(Trade.java:35)
	at Trade.&lt;init&gt;(Trade.java:35)
	at Trade.&lt;init&gt;(Trade.java:35)
	at Trade.&lt;init&gt;(Trade.java:35)
	at Trade.&lt;init&gt;(Trade.java:35)
	at Trade.&lt;init&gt;(Trade.java:35)
	at Trade.&lt;init&gt;(Trade.java:35)
	at Trade.&lt;init&gt;(Trade.java:35)
	at Trade.&lt;init&gt;(Trade.java:35)
	at Trade.&lt;init&gt;(Trade.java:35)
	at Trade.&lt;init&gt;(Trade.java:35)
	at Trade.&lt;init&gt;(Trade.java:35)
	at Trade.&lt;init&gt;(Trade.java:35)
	at Trade.&lt;init&gt;(Trade.java:35)
	at Trade.&lt;init&gt;(Trade.java:35)
	at Trade.&lt;init&gt;(Trade.java:35)
	at Trade.&lt;init&gt;(Trade.java:35)
	at Trade.&lt;init&gt;(Trade.java:35)
	at Trade.&lt;init&gt;(Trade.java:35)
	at Trade.&lt;init&gt;(Trade.java:35)
	at Trade.&lt;init&gt;(Trade.java:35)
	at Trade.&lt;init&gt;(Trade.java:35)
	at Trade.&lt;init&gt;(Trade.java:35)
	at Trade.&lt;init&gt;(Trade.java:35)
	at Trade.&lt;init&gt;(Trade.java:35)
	at Trade.&lt;init&gt;(Trade.java:35)
	at Trade.&lt;init&gt;(Trade.java:35)
	at Trade.&lt;init&gt;(Trade.java:35)
	at Trade.&lt;init&gt;(Trade.java:35)
	at Trade.&lt;init&gt;(Trade.java:35)
	at Trade.&lt;init&gt;(Trade.java:35)
	at Trade.&lt;init&gt;(Trade.java:35)
	at Trade.&lt;init&gt;(Trade.java:35)
	at Trade.&lt;init&gt;(Trade.java:35)
	at Trade.&lt;init&gt;(Trade.java:35)
	at Trade.&lt;init&gt;(Trade.java:35)
	at Trade.&lt;init&gt;(Trade.java:35)
	at Trade.&lt;init&gt;(Trade.java:35)
	at Trade.&lt;init&gt;(Trade.java:35)
	at Trade.&lt;init&gt;(Trade.java:35)
	at Trade.&lt;init&gt;(Trade.java:35)
	at Trade.&lt;init&gt;(Trade.java:35)
	at Trade.&lt;init&gt;(Trade.java:35)
	at Trade.&lt;init&gt;(Trade.java:35)
	at Trade.&lt;init&gt;(Trade.java:35)
	at Trade.&lt;init&gt;(Trade.java:35)
	at Trade.&lt;init&gt;(Trade.java:35)
	at Trade.&lt;init&gt;(Trade.java:35)
	at Trade.&lt;init&gt;(Trade.java:35)
	at Trade.&lt;init&gt;(Trade.java:35)
	at Trade.&lt;init&gt;(Trade.java:35)
	at Trade.&lt;init&gt;(Trade.java:35)
	at Trade.&lt;init&gt;(Trade.java:35)
	at Trade.&lt;init&gt;(Trade.java:35)
	at Trade.&lt;init&gt;(Trade.java:35)
	at Trade.&lt;init&gt;(Trade.java:35)
	at Trade.&lt;init&gt;(Trade.java:35)
	at Trade.&lt;init&gt;(Trade.java:35)
	at Trade.&lt;init&gt;(Trade.java:35)
	at Trade.&lt;init&gt;(Trade.java:35)
	at Trade.&lt;init&gt;(Trade.java:35)
	at Trade.&lt;init&gt;(Trade.java:35)
	at Trade.&lt;init&gt;(Trade.java:35)
	at Trade.&lt;init&gt;(Trade.java:35)
	at Trade.&lt;init&gt;(Trade.java:35)
	at Trade.&lt;init&gt;(Trade.java:35)
	at Trade.&lt;init&gt;(Trade.java:35)
	at Trade.&lt;init&gt;(Trade.java:35)
	at Trade.&lt;init&gt;(Trade.java:35)
	at Trade.&lt;init&gt;(Trade.java:35)
	at Trade.&lt;init&gt;(Trade.java:35)
	at Trade.&lt;init&gt;(Trade.java:35)
	at Trade.&lt;init&gt;(Trade.java:35)
	at Trade.&lt;init&gt;(Trade.java:35)
	at Trade.&lt;init&gt;(Trade.java:35)
	at Trade.&lt;init&gt;(Trade.java:35)
	at Trade.&lt;init&gt;(Trade.java:35)
	at Trade.&lt;init&gt;(Trade.java:35)
	at Trade.&lt;init&gt;(Trade.java:35)
	at Trade.&lt;init&gt;(Trade.java:35)
	at Trade.&lt;init&gt;(Trade.java:35)
	at Trade.&lt;init&gt;(Trade.java:35)
	at Trade.&lt;init&gt;(Trade.java:35)
	at Trade.&lt;init&gt;(Trade.java:35)
	at Trade.&lt;init&gt;(Trade.java:35)
	at Trade.&lt;init&gt;(Trade.java:35)
	at Trade.&lt;init&gt;(Trade.java:35)
	at Trade.&lt;init&gt;(Trade.java:35)
	at Trade.&lt;init&gt;(Trade.java:35)
	at Trade.&lt;init&gt;(Trade.java:35)
	at Trade.&lt;init&gt;(Trade.java:35)
	at Trade.&lt;init&gt;(Trade.java:35)
	at Trade.&lt;init&gt;(Trade.java:35)
	at Trade.&lt;init&gt;(Trade.java:35)
	at Trade.&lt;init&gt;(Trade.java:35)
	at Trade.&lt;init&gt;(Trade.java:35)
	at Trade.&lt;init&gt;(Trade.java:35)
	at Trade.&lt;init&gt;(Trade.java:35)
	at Trade.&lt;init&gt;(Trade.java:35)
	at Trade.&lt;init&gt;(Trade.java:35)
	at Trade.&lt;init&gt;(Trade.java:35)
	at Trade.&lt;init&gt;(Trade.java:35)
	at Trade.&lt;init&gt;(Trade.java:35)
	at Trade.&lt;init&gt;(Trade.java:35)
	at Trade.&lt;init&gt;(Trade.java:35)
	at Trade.&lt;init&gt;(Trade.java:35)
	at Trade.&lt;init&gt;(Trade.java:35)
	at Trade.&lt;init&gt;(Trade.java:35)
	at Trade.&lt;init&gt;(Trade.java:35)
	at Trade.&lt;init&gt;(Trade.java:35)
	at Trade.&lt;init&gt;(Trade.java:35)
	at Trade.&lt;init&gt;(Trade.java:35)
	at Trade.&lt;init&gt;(Trade.java:35)
	at Trade.&lt;init&gt;(Trade.java:35)
	at Trade.&lt;init&gt;(Trade.java:35)
	at Trade.&lt;init&gt;(Trade.java:35)
	at Trade.&lt;init&gt;(Trade.java:35)
	at Trade.&lt;init&gt;(Trade.java:35)
	at Trade.&lt;init&gt;(Trade.java:35)
	at Trade.&lt;init&gt;(Trade.java:35)
	at Trade.&lt;init&gt;(Trade.java:35)
	at Trade.&lt;init&gt;(Trade.java:35)
	at Trade.&lt;init&gt;(Trade.java:35)
	at Trade.&lt;init&gt;(Trade.java:35)
	at Trade.&lt;init&gt;(Trade.java:35)
	at Trade.&lt;init&gt;(Trade.java:35)
	at Trade.&lt;init&gt;(Trade.java:35)
	at Trade.&lt;init&gt;(Trade.java:35)
	at Trade.&lt;init&gt;(Trade.java:35)
	at Trade.&lt;init&gt;(Trade.java:35)
	at Trade.&lt;init&gt;(Trade.java:35)
	at Trade.&lt;init&gt;(Trade.java:35)
	at Trade.&lt;init&gt;(Trade.java:35)
	at Trade.&lt;init&gt;(Trade.java:35)
	at Trade.&lt;init&gt;(Trade.java:35)
	at Trade.&lt;init&gt;(Trade.java:35)
	at Trade.&lt;init&gt;(Trade.java:35)
	at Trade.&lt;init&gt;(Trade.java:35)
	at Trade.&lt;init&gt;(Trade.java:35)
	at Trade.&lt;init&gt;(Trade.java:35)
	at Trade.&lt;init&gt;(Trade.java:35)
	at Trade.&lt;init&gt;(Trade.java:35)
	at Trade.&lt;init&gt;(Trade.java:35)
	at Trade.&lt;init&gt;(Trade.java:35)
	at Trade.&lt;init&gt;(Trade.java:35)
	at Trade.&lt;init&gt;(Trade.java:35)
	at Trade.&lt;init&gt;(Trade.java:35)
	at Trade.&lt;init&gt;(Trade.java:35)
	at Trade.&lt;init&gt;(Trade.java:35)
	at Trade.&lt;init&gt;(Trade.java:35)
	at Trade.&lt;init&gt;(Trade.java:35)
	at Trade.&lt;init&gt;(Trade.java:35)
	at Trade.&lt;init&gt;(Trade.java:35)
	at Trade.&lt;init&gt;(Trade.java:35)
	at Trade.&lt;init&gt;(Trade.java:35)
	at Trade.&lt;init&gt;(Trade.java:35)
	at Trade.&lt;init&gt;(Trade.java:35)
	at Trade.&lt;init&gt;(Trade.java:35)
	at Trade.&lt;init&gt;(Trade.java:35)
	at Trade.&lt;init&gt;(Trade.java:35)
	at Trade.&lt;init&gt;(Trade.java:35)
	at Trade.&lt;init&gt;(Trade.java:35)
	at Trade.&lt;init&gt;(Trade.java:35)
	at Trade.&lt;init&gt;(Trade.java:35)
	at Trade.&lt;init&gt;(Trade.java:35)
	at Trade.&lt;init&gt;(Trade.java:35)
	at Trade.&lt;init&gt;(Trade.java:35)
	at Trade.&lt;init&gt;(Trade.java:35)
	at Trade.&lt;init&gt;(Trade.java:35)
	at Trade.&lt;init&gt;(Trade.java:35)
	at Trade.&lt;init&gt;(Trade.java:35)
	at Trade.&lt;init&gt;(Trade.java:35)
	at Trade.&lt;init&gt;(Trade.java:35)
	at Trade.&lt;init&gt;(Trade.java:35)
	at Trade.&lt;init&gt;(Trade.java:35)
	at Trade.&lt;init&gt;(Trade.java:35)
	at Trade.&lt;init&gt;(Trade.java:35)
	at Trade.&lt;init&gt;(Trade.java:35)
	at Trade.&lt;init&gt;(Trade.java:35)
	at Trade.&lt;init&gt;(Trade.java:35)
	at Trade.&lt;init&gt;(Trade.java:35)
	at Trade.&lt;init&gt;(Trade.java:35)
	at Trade.&lt;init&gt;(Trade.java:35)
	at Trade.&lt;init&gt;(Trade.java:35)
	at Trade.&lt;init&gt;(Trade.java:35)
	at Trade.&lt;init&gt;(Trade.java:35)
	at Trade.&lt;init&gt;(Trade.java:35)
	at Trade.&lt;init&gt;(Trade.java:35)
	at Trade.&lt;init&gt;(Trade.java:35)
	at Trade.&lt;init&gt;(Trade.java:35)
	at Trade.&lt;init&gt;(Trade.java:35)
	at Trade.&lt;init&gt;(Trade.java:35)
	at Trade.&lt;init&gt;(Trade.java:35)
	at Trade.&lt;init&gt;(Trade.java:35)
	at Trade.&lt;init&gt;(Trade.java:35)
	at Trade.&lt;init&gt;(Trade.java:35)
	at Trade.&lt;init&gt;(Trade.java:35)
	at Trade.&lt;init&gt;(Trade.java:35)
	at Trade.&lt;init&gt;(Trade.java:35)
	at Trade.&lt;init&gt;(Trade.java:35)
	at Trade.&lt;init&gt;(Trade.java:35)
	at Trade.&lt;init&gt;(Trade.java:35)
	at Trade.&lt;init&gt;(Trade.java:35)
	at Trade.&lt;init&gt;(Trade.java:35)
	at Trade.&lt;init&gt;(Trade.java:35)
	at Trade.&lt;init&gt;(Trade.java:35)
	at Trade.&lt;init&gt;(Trade.java:35)
	at Trade.&lt;init&gt;(Trade.java:35)
	at Trade.&lt;init&gt;(Trade.java:35)
	at Trade.&lt;init&gt;(Trade.java:35)
	at Trade.&lt;init&gt;(Trade.java:35)
	at Trade.&lt;init&gt;(Trade.java:35)
	at Trade.&lt;init&gt;(Trade.java:35)
	at Trade.&lt;init&gt;(Trade.java:35)
	at Trade.&lt;init&gt;(Trade.java:35)
	at Trade.&lt;init&gt;(Trade.java:35)
	at Trade.&lt;init&gt;(Trade.java:35)
	at Trade.&lt;init&gt;(Trade.java:35)
	at Trade.&lt;init&gt;(Trade.java:35)
	at Trade.&lt;init&gt;(Trade.java:35)
	at Trade.&lt;init&gt;(Trade.java:35)
	at Trade.&lt;init&gt;(Trade.java:35)
	at Trade.&lt;init&gt;(Trade.java:35)
	at Trade.&lt;init&gt;(Trade.java:35)
	at Trade.&lt;init&gt;(Trade.java:35)
	at Trade.&lt;init&gt;(Trade.java:35)
	at Trade.&lt;init&gt;(Trade.java:35)
	at Trade.&lt;init&gt;(Trade.java:35)
	at Trade.&lt;init&gt;(Trade.java:35)
	at Trade.&lt;init&gt;(Trade.java:35)
	at Trade.&lt;init&gt;(Trade.java:35)
	at Trade.&lt;init&gt;(Trade.java:35)
	at Trade.&lt;init&gt;(Trade.java:35)
	at Trade.&lt;init&gt;(Trade.java:35)
	at Trade.&lt;init&gt;(Trade.java:35)
	at Trade.&lt;init&gt;(Trade.java:35)
	at Trade.&lt;init&gt;(Trade.java:35)
	at Trade.&lt;init&gt;(Trade.java:35)
	at Trade.&lt;init&gt;(Trade.java:35)
	at Trade.&lt;init&gt;(Trade.java:35)
	at Trade.&lt;init&gt;(Trade.java:35)
	at Trade.&lt;init&gt;(Trade.java:35)
	at Trade.&lt;init&gt;(Trade.java:35)
	at Trade.&lt;init&gt;(Trade.java:35)
	at Trade.&lt;init&gt;(Trade.java:35)
	at Trade.&lt;init&gt;(Trade.java:35)
	at Trade.&lt;init&gt;(Trade.java:35)
	at Trade.&lt;init&gt;(Trade.java:35)
	at Trade.&lt;init&gt;(Trade.java:35)
	at Trade.&lt;init&gt;(Trade.java:35)
	at Trade.&lt;init&gt;(Trade.java:35)
	at Trade.&lt;init&gt;(Trade.java:35)
	at Trade.&lt;init&gt;(Trade.java:35)
	at Trade.&lt;init&gt;(Trade.java:35)
	at Trade.&lt;init&gt;(Trade.java:35)
	at Trade.&lt;init&gt;(Trade.java:35)
	at Trade.&lt;init&gt;(Trade.java:35)
	at Trade.&lt;init&gt;(Trade.java:35)
	at Trade.&lt;init&gt;(Trade.java:35)
	at Trade.&lt;init&gt;(Trade.java:35)
	at Trade.&lt;init&gt;(Trade.java:35)
	at Trade.&lt;init&gt;(Trade.java:35)
	at Trade.&lt;init&gt;(Trade.java:35)
	at Trade.&lt;init&gt;(Trade.java:35)
	at Trade.&lt;init&gt;(Trade.java:35)
	at Trade.&lt;init&gt;(Trade.java:35)
	at Trade.&lt;init&gt;(Trade.java:35)
	at Trade.&lt;init&gt;(Trade.java:35)
	at Trade.&lt;init&gt;(Trade.java:35)
	at Trade.&lt;init&gt;(Trade.java:35)
	at Trade.&lt;init&gt;(Trade.java:35)
	at Trade.&lt;init&gt;(Trade.java:35)
	at Trade.&lt;init&gt;(Trade.java:35)
	at Trade.&lt;init&gt;(Trade.java:35)
	at Trade.&lt;init&gt;(Trade.java:35)
	at Trade.&lt;init&gt;(Trade.java:35)
	at Trade.&lt;init&gt;(Trade.java:35)
	at Trade.&lt;init&gt;(Trade.java:35)
	at Trade.&lt;init&gt;(Trade.java:35)
	at Trade.&lt;init&gt;(Trade.java:35)
	at Trade.&lt;init&gt;(Trade.java:35)
	at Trade.&lt;init&gt;(Trade.java:35)
	at Trade.&lt;init&gt;(Trade.java:35)
	at Trade.&lt;init&gt;(Trade.java:35)
	at Trade.&lt;init&gt;(Trade.java:35)
	at Trade.&lt;init&gt;(Trade.java:35)
	at Trade.&lt;init&gt;(Trade.java:35)
	at Trade.&lt;init&gt;(Trade.java:35)
	at Trade.&lt;init&gt;(Trade.java:35)
	at Trade.&lt;init&gt;(Trade.java:35)
	at Trade.&lt;init&gt;(Trade.java:35)
	at Trade.&lt;init&gt;(Trade.java:35)
	at Trade.&lt;init&gt;(Trade.java:35)
	at Trade.&lt;init&gt;(Trade.java:35)
	at Trade.&lt;init&gt;(Trade.java:35)
	at Trade.&lt;init&gt;(Trade.java:35)
	at Trade.&lt;init&gt;(Trade.java:35)
	at Trade.&lt;init&gt;(Trade.java:35)
	at Trade.&lt;init&gt;(Trade.java:35)
	at Trade.&lt;init&gt;(Trade.java:35)
	at Trade.&lt;init&gt;(Trade.java:35)
	at Trade.&lt;init&gt;(Trade.java:35)
	at Trade.&lt;init&gt;(Trade.java:35)
	at Trade.&lt;init&gt;(Trade.java:35)
	at Trade.&lt;init&gt;(Trade.java:35)
	at Trade.&lt;init&gt;(Trade.java:35)
	at Trade.&lt;init&gt;(Trade.java:35)
	at Trade.&lt;init&gt;(Trade.java:35)
	at Trade.&lt;init&gt;(Trade.java:35)
	at Trade.&lt;init&gt;(Trade.java:35)
	at Trade.&lt;init&gt;(Trade.java:35)
	at Trade.&lt;init&gt;(Trade.java:35)
	at Trade.&lt;init&gt;(Trade.java:35)
	at Trade.&lt;init&gt;(Trade.java:35)
	at Trade.&lt;init&gt;(Trade.java:35)
	at Trade.&lt;init&gt;(Trade.java:35)
	at Trade.&lt;init&gt;(Trade.java:35)
	at Trade.&lt;init&gt;(Trade.java:35)
	at Trade.&lt;init&gt;(Trade.java:35)
	at Trade.&lt;init&gt;(Trade.java:35)
	at Trade.&lt;init&gt;(Trade.java:35)
	at Trade.&lt;init&gt;(Trade.java:35)
	at Trade.&lt;init&gt;(Trade.java:35)
	at Trade.&lt;init&gt;(Trade.java:35)
	at Trade.&lt;init&gt;(Trade.java:35)
	at Trade.&lt;init&gt;(Trade.java:35)
	at Trade.&lt;init&gt;(Trade.java:35)
	at Trade.&lt;init&gt;(Trade.java:35)
	at Trade.&lt;init&gt;(Trade.java:35)
	at Trade.&lt;init&gt;(Trade.java:35)
	at Trade.&lt;init&gt;(Trade.java:35)
	at Trade.&lt;init&gt;(Trade.java:35)
	at Trade.&lt;init&gt;(Trade.java:35)
	at Trade.&lt;init&gt;(Trade.java:35)
	at Trade.&lt;init&gt;(Trade.java:35)
	at Trade.&lt;init&gt;(Trade.java:35)
	at Trade.&lt;init&gt;(Trade.java:35)
	at Trade.&lt;init&gt;(Trade.java:35)
	at Trade.&lt;init&gt;(Trade.java:35)
	at Trade.&lt;init&gt;(Trade.java:35)
	at Trade.&lt;init&gt;(Trade.java:35)
	at Trade.&lt;init&gt;(Trade.java:35)
	at Trade.&lt;init&gt;(Trade.java:35)
	at Trade.&lt;init&gt;(Trade.java:35)
	at Trade.&lt;init&gt;(Trade.java:35)
	at Trade.&lt;init&gt;(Trade.java:35)
	at Trade.&lt;init&gt;(Trade.java:35)
	at Trade.&lt;init&gt;(Trade.java:35)
	at Trade.&lt;init&gt;(Trade.java:35)
	at Trade.&lt;init&gt;(Trade.java:35)
	at Trade.&lt;init&gt;(Trade.java:35)
	at Trade.&lt;init&gt;(Trade.java:35)
	at Trade.&lt;init&gt;(Trade.java:35)
	at Trade.&lt;init&gt;(Trade.java:35)
	at Trade.&lt;init&gt;(Trade.java:35)
	at Trade.&lt;init&gt;(Trade.java:35)
	at Trade.&lt;init&gt;(Trade.java:35)
	at Trade.&lt;init&gt;(Trade.java:35)
	at Trade.&lt;init&gt;(Trade.java:35)
	at Trade.&lt;init&gt;(Trade.java:35)
	at Trade.&lt;init&gt;(Trade.java:35)
	at Trade.&lt;init&gt;(Trade.java:35)
	at Trade.&lt;init&gt;(Trade.java:35)
	at Trade.&lt;init&gt;(Trade.java:35)
	at Trade.&lt;init&gt;(Trade.java:35)
	at Trade.&lt;init&gt;(Trade.java:35)
	at Trade.&lt;init&gt;(Trade.java:35)
	at Trade.&lt;init&gt;(Trade.java:35)
	at Trade.&lt;init&gt;(Trade.java:35)
	at Trade.&lt;init&gt;(Trade.java:35)
	at Trade.&lt;init&gt;(Trade.java:35)
	at Trade.&lt;init&gt;(Trade.java:35)
	at Trade.&lt;init&gt;(Trade.java:35)
	at Trade.&lt;init&gt;(Trade.java:35)
	at Trade.&lt;init&gt;(Trade.java:35)
	at Trade.&lt;init&gt;(Trade.java:35)
	at Trade.&lt;init&gt;(Trade.java:35)
	at Trade.&lt;init&gt;(Trade.java:35)
	at Trade.&lt;init&gt;(Trade.java:35)
	at Trade.&lt;init&gt;(Trade.java:35)
	at Trade.&lt;init&gt;(Trade.java:35)
	at Trade.&lt;init&gt;(Trade.java:35)
	at Trade.&lt;init&gt;(Trade.java:35)
	at Trade.&lt;init&gt;(Trade.java:35)
	at Trade.&lt;init&gt;(Trade.java:35)
	at Trade.&lt;init&gt;(Trade.java:35)
	at Trade.&lt;init&gt;(Trade.java:35)
	at Trade.&lt;init&gt;(Trade.java:35)
	at Trade.&lt;init&gt;(Trade.java:35)
	at Trade.&lt;init&gt;(Trade.java:35)
	at Trade.&lt;init&gt;(Trade.java:35)
	at Trade.&lt;init&gt;(Trade.java:35)
	at Trade.&lt;init&gt;(Trade.java:35)
	at Trade.&lt;init&gt;(Trade.java:35)
	at Trade.&lt;init&gt;(Trade.java:35)
	at Trade.&lt;init&gt;(Trade.java:35)
	at Trade.&lt;init&gt;(Trade.java:35)
	at Trade.&lt;init&gt;(Trade.java:35)
	at Trade.&lt;init&gt;(Trade.java:35)
	at Trade.&lt;init&gt;(Trade.java:35)
	at Trade.&lt;init&gt;(Trade.java:35)
	at Trade.&lt;init&gt;(Trade.java:35)
	at Trade.&lt;init&gt;(Trade.java:35)
	at Trade.&lt;init&gt;(Trade.java:35)
	at Trade.&lt;init&gt;(Trade.java:35)
	at Trade.&lt;init&gt;(Trade.java:35)
	at Trade.&lt;init&gt;(Trade.java:35)
	at Trade.&lt;init&gt;(Trade.java:35)
	at Trade.&lt;init&gt;(Trade.java:35)
	at Trade.&lt;init&gt;(Trade.java:35)
	at Trade.&lt;init&gt;(Trade.java:35)
	at Trade.&lt;init&gt;(Trade.java:35)
	at Trade.&lt;init&gt;(Trade.java:35)
	at Trade.&lt;init&gt;(Trade.java:35)
	at Trade.&lt;init&gt;(Trade.java:35)
	at Trade.&lt;init&gt;(Trade.java:35)
	at Trade.&lt;init&gt;(Trade.java:35)
	at Trade.&lt;init&gt;(Trade.java:35)
	at Trade.&lt;init&gt;(Trade.java:35)
	at Trade.&lt;init&gt;(Trade.java:35)
	at Trade.&lt;init&gt;(Trade.java:35)
	at Trade.&lt;init&gt;(Trade.java:35)
	at Trade.&lt;init&gt;(Trade.java:35)
	at Trade.&lt;init&gt;(Trade.java:35)
	at Trade.&lt;init&gt;(Trade.java:35)
	at Trade.&lt;init&gt;(Trade.java:35)
	at Trade.&lt;init&gt;(Trade.java:35)
	at Trade.&lt;init&gt;(Trade.java:35)
	at Trade.&lt;init&gt;(Trade.java:35)
	at Trade.&lt;init&gt;(Trade.java:35)
	at Trade.&lt;init&gt;(Trade.java:35)
	at Trade.&lt;init&gt;(Trade.java:35)
	at Trade.&lt;init&gt;(Trade.java:35)
	at Trade.&lt;init&gt;(Trade.java:35)
	at Trade.&lt;init&gt;(Trade.java:35)
	at Trade.&lt;init&gt;(Trade.java:35)
	at Trade.&lt;init&gt;(Trade.java:35)
	at Trade.&lt;init&gt;(Trade.java:35)
	at Trade.&lt;init&gt;(Trade.java:35)
	at Trade.&lt;init&gt;(Trade.java:35)
	at Trade.&lt;init&gt;(Trade.java:35)
	at Trade.&lt;init&gt;(Trade.java:35)
	at Trade.&lt;init&gt;(Trade.java:35)
	at Trade.&lt;init&gt;(Trade.java:35)
	at Trade.&lt;init&gt;(Trade.java:35)
	at Trade.&lt;init&gt;(Trade.java:35)
	at Trade.&lt;init&gt;(Trade.java:35)
	at Trade.&lt;init&gt;(Trade.java:35)
	at Trade.&lt;init&gt;(Trade.java:35)
	at Trade.&lt;init&gt;(Trade.java:35)
	at Trade.&lt;init&gt;(Trade.java:35)
	at Trade.&lt;init&gt;(Trade.java:35)
	at Trade.&lt;init&gt;(Trade.java:35)
	at Trade.&lt;init&gt;(Trade.java:35)
	at Trade.&lt;init&gt;(Trade.java:35)
	at Trade.&lt;init&gt;(Trade.java:35)
	at Trade.&lt;init&gt;(Trade.java:35)
	at Trade.&lt;init&gt;(Trade.java:35)
	at Trade.&lt;init&gt;(Trade.java:35)
	at Trade.&lt;init&gt;(Trade.java:35)
	at Trade.&lt;init&gt;(Trade.java:35)
	at Trade.&lt;init&gt;(Trade.java:35)
	at Trade.&lt;init&gt;(Trade.java:35)
	at Trade.&lt;init&gt;(Trade.java:35)
	at Trade.&lt;init&gt;(Trade.java:35)
	at Trade.&lt;init&gt;(Trade.java:35)
	at Trade.&lt;init&gt;(Trade.java:35)
	at Trade.&lt;init&gt;(Trade.java:35)
	at Trade.&lt;init&gt;(Trade.java:35)
	at Trade.&lt;init&gt;(Trade.java:35)
	at Trade.&lt;init&gt;(Trade.java:35)
	at Trade.&lt;init&gt;(Trade.java:35)
	at Trade.&lt;init&gt;(Trade.java:35)
	at Trade.&lt;init&gt;(Trade.java:35)
	at Trade.&lt;init&gt;(Trade.java:35)
	at Trade.&lt;init&gt;(Trade.java:35)
	at Trade.&lt;init&gt;(Trade.java:35)
	at Trade.&lt;init&gt;(Trade.java:35)
	at Trade.&lt;init&gt;(Trade.java:35)
	at Trade.&lt;init&gt;(Trade.java:35)
	at Trade.&lt;init&gt;(Trade.java:35)
	at Trade.&lt;init&gt;(Trade.java:35)
	at Trade.&lt;init&gt;(Trade.java:35)
	at Trade.&lt;init&gt;(Trade.java:35)
	at Trade.&lt;init&gt;(Trade.java:35)
	at Trade.&lt;init&gt;(Trade.java:35)
	at Trade.&lt;init&gt;(Trade.java:35)
	at Trade.&lt;init&gt;(Trade.java:35)
	at Trade.&lt;init&gt;(Trade.java:35)
	at Trade.&lt;init&gt;(Trade.java:35)
	at Trade.&lt;init&gt;(Trade.java:35)
	at Trade.&lt;init&gt;(Trade.java:35)
	at Trade.&lt;init&gt;(Trade.java:35)
	at Trade.&lt;init&gt;(Trade.java:35)
	at Trade.&lt;init&gt;(Trade.java:35)
	at Trade.&lt;init&gt;(Trade.java:35)
	at Trade.&lt;init&gt;(Trade.java:35)
	at Trade.&lt;init&gt;(Trade.java:35)
	at Trade.&lt;init&gt;(Trade.java:35)
	at Trade.&lt;init&gt;(Trade.java:35)
	at Trade.&lt;init&gt;(Trade.java:35)
	at Trade.&lt;init&gt;(Trade.java:35)
	at Trade.&lt;init&gt;(Trade.java:35)
	at Trade.&lt;init&gt;(Trade.java:35)
	at Trade.&lt;init&gt;(Trade.java:35)
	at Trade.&lt;init&gt;(Trade.java:35)
	at Trade.&lt;init&gt;(Trade.java:35)
	at Trade.&lt;init&gt;(Trade.java:35)
	at Trade.&lt;init&gt;(Trade.java:35)
	at Trade.&lt;init&gt;(Trade.java:35)
	at Trade.&lt;init&gt;(Trade.java:35)
	at Trade.&lt;init&gt;(Trade.java:35)
	at Trade.&lt;init&gt;(Trade.java:35)
	at Trade.&lt;init&gt;(Trade.java:35)
	at Trade.&lt;init&gt;(Trade.java:35)
	at Trade.&lt;init&gt;(Trade.java:35)
	at Trade.&lt;init&gt;(Trade.java:35)
	at Trade.&lt;init&gt;(Trade.java:35)
	at Trade.&lt;init&gt;(Trade.java:35)
	at Trade.&lt;init&gt;(Trade.java:35)
	at Trade.&lt;init&gt;(Trade.java:35)
	at Trade.&lt;init&gt;(Trade.java:35)
	at Trade.&lt;init&gt;(Trade.java:35)
	at Trade.&lt;init&gt;(Trade.java:35)
	at Trade.&lt;init&gt;(Trade.java:35)
	at Trade.&lt;init&gt;(Trade.java:35)
	at Trade.&lt;init&gt;(Trade.java:35)
	at Trade.&lt;init&gt;(Trade.java:35)
	at Trade.&lt;init&gt;(Trade.java:35)
	at Trade.&lt;init&gt;(Trade.java:35)
	at Trade.&lt;init&gt;(Trade.java:35)
	at Trade.&lt;init&gt;(Trade.java:35)
	at Trade.&lt;init&gt;(Trade.java:35)
</failure>
  </testcase>
  <system-out><![CDATA[]]></system-out>
  <system-err><![CDATA[]]></system-err>
</testsuite>
